Created by PLY version 3.10 (http://www.dabeaz.com/ply)

Unused terminals:

    CARET
    POINT

Grammar

Rule 0     S' -> program
Rule 1     program -> PROGRAM ID vars bloque
Rule 2     vars -> VAR type ID OP_EQUALS ID SEMICOLON
Rule 3     type -> INT
Rule 4     type -> FLOAT
Rule 5     bloque -> LCURLY_BRACKET statement RCURLY_BRACKET
Rule 6     statement -> mega_expression
Rule 7     mega_expression -> super_expression
Rule 8     mega_expression -> super_expression AND super_expression
Rule 9     mega_expression -> super_expression OR super_expression
Rule 10    super_expression -> expression
Rule 11    super_expression -> expression OP_GREATER_THAN expression
Rule 12    super_expression -> expression OP_LESS_THAN expression
Rule 13    super_expression -> expression OP_GREATER_EQUALS_THAN expression
Rule 14    super_expression -> expression OP_LESS_EQUALS_THAN expression
Rule 15    super_expression -> expression OP_EQUALS_TWO expression
Rule 16    super_expression -> expression OP_NOT_EQUALS expression
Rule 17    expression -> term
Rule 18    expression -> term OP_PLUS expression
Rule 19    expression -> term OP_MINUS expression
Rule 20    term -> fact
Rule 21    term -> fact OP_DIVISION term
Rule 22    term -> fact OP_TIMES term
Rule 23    fact -> ID
Rule 24    fact -> FLOAT
Rule 25    fact -> INT
Rule 26    fact -> OP_LPAREN super_expression OP_RPAREN
Rule 27    printer -> PRINT OP_LPAREN QUOT_MARK ID QUOT_MARK OP_RPAREN
Rule 28    epsilon -> <empty>

Terminals, with rules where they appear

AND                  : 8
CARET                : 
FLOAT                : 4 24
ID                   : 1 2 2 23 27
INT                  : 3 25
LCURLY_BRACKET       : 5
OP_DIVISION          : 21
OP_EQUALS            : 2
OP_EQUALS_TWO        : 15
OP_GREATER_EQUALS_THAN : 13
OP_GREATER_THAN      : 11
OP_LESS_EQUALS_THAN  : 14
OP_LESS_THAN         : 12
OP_LPAREN            : 26 27
OP_MINUS             : 19
OP_NOT_EQUALS        : 16
OP_PLUS              : 18
OP_RPAREN            : 26 27
OP_TIMES             : 22
OR                   : 9
POINT                : 
PRINT                : 27
PROGRAM              : 1
QUOT_MARK            : 27 27
RCURLY_BRACKET       : 5
SEMICOLON            : 2
VAR                  : 2
error                : 

Nonterminals, with rules where they appear

bloque               : 1
epsilon              : 
expression           : 10 11 11 12 12 13 13 14 14 15 15 16 16 18 19
fact                 : 20 21 22
mega_expression      : 6
printer              : 
program              : 0
statement            : 5
super_expression     : 7 8 8 9 9 26
term                 : 17 18 19 21 22
type                 : 2
vars                 : 1

Parsing method: LALR

state 0

    (0) S' -> . program
    (1) program -> . PROGRAM ID vars bloque

    PROGRAM         shift and go to state 2

    program                        shift and go to state 1

state 1

    (0) S' -> program .



state 2

    (1) program -> PROGRAM . ID vars bloque

    ID              shift and go to state 3


state 3

    (1) program -> PROGRAM ID . vars bloque
    (2) vars -> . VAR type ID OP_EQUALS ID SEMICOLON

    VAR             shift and go to state 5

    vars                           shift and go to state 4

state 4

    (1) program -> PROGRAM ID vars . bloque
    (5) bloque -> . LCURLY_BRACKET statement RCURLY_BRACKET

    LCURLY_BRACKET  shift and go to state 7

    bloque                         shift and go to state 6

state 5

    (2) vars -> VAR . type ID OP_EQUALS ID SEMICOLON
    (3) type -> . INT
    (4) type -> . FLOAT

    INT             shift and go to state 9
    FLOAT           shift and go to state 10

    type                           shift and go to state 8

state 6

    (1) program -> PROGRAM ID vars bloque .

    $end            reduce using rule 1 (program -> PROGRAM ID vars bloque .)


state 7

    (5) bloque -> LCURLY_BRACKET . statement RCURLY_BRACKET
    (6) statement -> . mega_expression
    (7) mega_expression -> . super_expression
    (8) mega_expression -> . super_expression AND super_expression
    (9) mega_expression -> . super_expression OR super_expression
    (10) super_expression -> . expression
    (11) super_expression -> . expression OP_GREATER_THAN expression
    (12) super_expression -> . expression OP_LESS_THAN expression
    (13) super_expression -> . expression OP_GREATER_EQUALS_THAN expression
    (14) super_expression -> . expression OP_LESS_EQUALS_THAN expression
    (15) super_expression -> . expression OP_EQUALS_TWO expression
    (16) super_expression -> . expression OP_NOT_EQUALS expression
    (17) expression -> . term
    (18) expression -> . term OP_PLUS expression
    (19) expression -> . term OP_MINUS expression
    (20) term -> . fact
    (21) term -> . fact OP_DIVISION term
    (22) term -> . fact OP_TIMES term
    (23) fact -> . ID
    (24) fact -> . FLOAT
    (25) fact -> . INT
    (26) fact -> . OP_LPAREN super_expression OP_RPAREN

    ID              shift and go to state 17
    FLOAT           shift and go to state 18
    INT             shift and go to state 19
    OP_LPAREN       shift and go to state 20

    statement                      shift and go to state 11
    mega_expression                shift and go to state 12
    super_expression               shift and go to state 13
    expression                     shift and go to state 14
    term                           shift and go to state 15
    fact                           shift and go to state 16

state 8

    (2) vars -> VAR type . ID OP_EQUALS ID SEMICOLON

    ID              shift and go to state 21


state 9

    (3) type -> INT .

    ID              reduce using rule 3 (type -> INT .)


state 10

    (4) type -> FLOAT .

    ID              reduce using rule 4 (type -> FLOAT .)


state 11

    (5) bloque -> LCURLY_BRACKET statement . RCURLY_BRACKET

    RCURLY_BRACKET  shift and go to state 22


state 12

    (6) statement -> mega_expression .

    RCURLY_BRACKET  reduce using rule 6 (statement -> mega_expression .)


state 13

    (7) mega_expression -> super_expression .
    (8) mega_expression -> super_expression . AND super_expression
    (9) mega_expression -> super_expression . OR super_expression

    RCURLY_BRACKET  reduce using rule 7 (mega_expression -> super_expression .)
    AND             shift and go to state 23
    OR              shift and go to state 24


state 14

    (10) super_expression -> expression .
    (11) super_expression -> expression . OP_GREATER_THAN expression
    (12) super_expression -> expression . OP_LESS_THAN expression
    (13) super_expression -> expression . OP_GREATER_EQUALS_THAN expression
    (14) super_expression -> expression . OP_LESS_EQUALS_THAN expression
    (15) super_expression -> expression . OP_EQUALS_TWO expression
    (16) super_expression -> expression . OP_NOT_EQUALS expression

    AND             reduce using rule 10 (super_expression -> expression .)
    OR              reduce using rule 10 (super_expression -> expression .)
    RCURLY_BRACKET  reduce using rule 10 (super_expression -> expression .)
    OP_RPAREN       reduce using rule 10 (super_expression -> expression .)
    OP_GREATER_THAN shift and go to state 25
    OP_LESS_THAN    shift and go to state 26
    OP_GREATER_EQUALS_THAN shift and go to state 27
    OP_LESS_EQUALS_THAN shift and go to state 28
    OP_EQUALS_TWO   shift and go to state 29
    OP_NOT_EQUALS   shift and go to state 30


state 15

    (17) expression -> term .
    (18) expression -> term . OP_PLUS expression
    (19) expression -> term . OP_MINUS expression

    OP_GREATER_THAN reduce using rule 17 (expression -> term .)
    OP_LESS_THAN    reduce using rule 17 (expression -> term .)
    OP_GREATER_EQUALS_THAN reduce using rule 17 (expression -> term .)
    OP_LESS_EQUALS_THAN reduce using rule 17 (expression -> term .)
    OP_EQUALS_TWO   reduce using rule 17 (expression -> term .)
    OP_NOT_EQUALS   reduce using rule 17 (expression -> term .)
    AND             reduce using rule 17 (expression -> term .)
    OR              reduce using rule 17 (expression -> term .)
    RCURLY_BRACKET  reduce using rule 17 (expression -> term .)
    OP_RPAREN       reduce using rule 17 (expression -> term .)
    OP_PLUS         shift and go to state 31
    OP_MINUS        shift and go to state 32


state 16

    (20) term -> fact .
    (21) term -> fact . OP_DIVISION term
    (22) term -> fact . OP_TIMES term

    OP_PLUS         reduce using rule 20 (term -> fact .)
    OP_MINUS        reduce using rule 20 (term -> fact .)
    OP_GREATER_THAN reduce using rule 20 (term -> fact .)
    OP_LESS_THAN    reduce using rule 20 (term -> fact .)
    OP_GREATER_EQUALS_THAN reduce using rule 20 (term -> fact .)
    OP_LESS_EQUALS_THAN reduce using rule 20 (term -> fact .)
    OP_EQUALS_TWO   reduce using rule 20 (term -> fact .)
    OP_NOT_EQUALS   reduce using rule 20 (term -> fact .)
    AND             reduce using rule 20 (term -> fact .)
    OR              reduce using rule 20 (term -> fact .)
    RCURLY_BRACKET  reduce using rule 20 (term -> fact .)
    OP_RPAREN       reduce using rule 20 (term -> fact .)
    OP_DIVISION     shift and go to state 33
    OP_TIMES        shift and go to state 34


state 17

    (23) fact -> ID .

    OP_DIVISION     reduce using rule 23 (fact -> ID .)
    OP_TIMES        reduce using rule 23 (fact -> ID .)
    OP_PLUS         reduce using rule 23 (fact -> ID .)
    OP_MINUS        reduce using rule 23 (fact -> ID .)
    OP_GREATER_THAN reduce using rule 23 (fact -> ID .)
    OP_LESS_THAN    reduce using rule 23 (fact -> ID .)
    OP_GREATER_EQUALS_THAN reduce using rule 23 (fact -> ID .)
    OP_LESS_EQUALS_THAN reduce using rule 23 (fact -> ID .)
    OP_EQUALS_TWO   reduce using rule 23 (fact -> ID .)
    OP_NOT_EQUALS   reduce using rule 23 (fact -> ID .)
    AND             reduce using rule 23 (fact -> ID .)
    OR              reduce using rule 23 (fact -> ID .)
    RCURLY_BRACKET  reduce using rule 23 (fact -> ID .)
    OP_RPAREN       reduce using rule 23 (fact -> ID .)


state 18

    (24) fact -> FLOAT .

    OP_DIVISION     reduce using rule 24 (fact -> FLOAT .)
    OP_TIMES        reduce using rule 24 (fact -> FLOAT .)
    OP_PLUS         reduce using rule 24 (fact -> FLOAT .)
    OP_MINUS        reduce using rule 24 (fact -> FLOAT .)
    OP_GREATER_THAN reduce using rule 24 (fact -> FLOAT .)
    OP_LESS_THAN    reduce using rule 24 (fact -> FLOAT .)
    OP_GREATER_EQUALS_THAN reduce using rule 24 (fact -> FLOAT .)
    OP_LESS_EQUALS_THAN reduce using rule 24 (fact -> FLOAT .)
    OP_EQUALS_TWO   reduce using rule 24 (fact -> FLOAT .)
    OP_NOT_EQUALS   reduce using rule 24 (fact -> FLOAT .)
    AND             reduce using rule 24 (fact -> FLOAT .)
    OR              reduce using rule 24 (fact -> FLOAT .)
    RCURLY_BRACKET  reduce using rule 24 (fact -> FLOAT .)
    OP_RPAREN       reduce using rule 24 (fact -> FLOAT .)


state 19

    (25) fact -> INT .

    OP_DIVISION     reduce using rule 25 (fact -> INT .)
    OP_TIMES        reduce using rule 25 (fact -> INT .)
    OP_PLUS         reduce using rule 25 (fact -> INT .)
    OP_MINUS        reduce using rule 25 (fact -> INT .)
    OP_GREATER_THAN reduce using rule 25 (fact -> INT .)
    OP_LESS_THAN    reduce using rule 25 (fact -> INT .)
    OP_GREATER_EQUALS_THAN reduce using rule 25 (fact -> INT .)
    OP_LESS_EQUALS_THAN reduce using rule 25 (fact -> INT .)
    OP_EQUALS_TWO   reduce using rule 25 (fact -> INT .)
    OP_NOT_EQUALS   reduce using rule 25 (fact -> INT .)
    AND             reduce using rule 25 (fact -> INT .)
    OR              reduce using rule 25 (fact -> INT .)
    RCURLY_BRACKET  reduce using rule 25 (fact -> INT .)
    OP_RPAREN       reduce using rule 25 (fact -> INT .)


state 20

    (26) fact -> OP_LPAREN . super_expression OP_RPAREN
    (10) super_expression -> . expression
    (11) super_expression -> . expression OP_GREATER_THAN expression
    (12) super_expression -> . expression OP_LESS_THAN expression
    (13) super_expression -> . expression OP_GREATER_EQUALS_THAN expression
    (14) super_expression -> . expression OP_LESS_EQUALS_THAN expression
    (15) super_expression -> . expression OP_EQUALS_TWO expression
    (16) super_expression -> . expression OP_NOT_EQUALS expression
    (17) expression -> . term
    (18) expression -> . term OP_PLUS expression
    (19) expression -> . term OP_MINUS expression
    (20) term -> . fact
    (21) term -> . fact OP_DIVISION term
    (22) term -> . fact OP_TIMES term
    (23) fact -> . ID
    (24) fact -> . FLOAT
    (25) fact -> . INT
    (26) fact -> . OP_LPAREN super_expression OP_RPAREN

    ID              shift and go to state 17
    FLOAT           shift and go to state 18
    INT             shift and go to state 19
    OP_LPAREN       shift and go to state 20

    super_expression               shift and go to state 35
    expression                     shift and go to state 14
    term                           shift and go to state 15
    fact                           shift and go to state 16

state 21

    (2) vars -> VAR type ID . OP_EQUALS ID SEMICOLON

    OP_EQUALS       shift and go to state 36


state 22

    (5) bloque -> LCURLY_BRACKET statement RCURLY_BRACKET .

    $end            reduce using rule 5 (bloque -> LCURLY_BRACKET statement RCURLY_BRACKET .)


state 23

    (8) mega_expression -> super_expression AND . super_expression
    (10) super_expression -> . expression
    (11) super_expression -> . expression OP_GREATER_THAN expression
    (12) super_expression -> . expression OP_LESS_THAN expression
    (13) super_expression -> . expression OP_GREATER_EQUALS_THAN expression
    (14) super_expression -> . expression OP_LESS_EQUALS_THAN expression
    (15) super_expression -> . expression OP_EQUALS_TWO expression
    (16) super_expression -> . expression OP_NOT_EQUALS expression
    (17) expression -> . term
    (18) expression -> . term OP_PLUS expression
    (19) expression -> . term OP_MINUS expression
    (20) term -> . fact
    (21) term -> . fact OP_DIVISION term
    (22) term -> . fact OP_TIMES term
    (23) fact -> . ID
    (24) fact -> . FLOAT
    (25) fact -> . INT
    (26) fact -> . OP_LPAREN super_expression OP_RPAREN

    ID              shift and go to state 17
    FLOAT           shift and go to state 18
    INT             shift and go to state 19
    OP_LPAREN       shift and go to state 20

    super_expression               shift and go to state 37
    expression                     shift and go to state 14
    term                           shift and go to state 15
    fact                           shift and go to state 16

state 24

    (9) mega_expression -> super_expression OR . super_expression
    (10) super_expression -> . expression
    (11) super_expression -> . expression OP_GREATER_THAN expression
    (12) super_expression -> . expression OP_LESS_THAN expression
    (13) super_expression -> . expression OP_GREATER_EQUALS_THAN expression
    (14) super_expression -> . expression OP_LESS_EQUALS_THAN expression
    (15) super_expression -> . expression OP_EQUALS_TWO expression
    (16) super_expression -> . expression OP_NOT_EQUALS expression
    (17) expression -> . term
    (18) expression -> . term OP_PLUS expression
    (19) expression -> . term OP_MINUS expression
    (20) term -> . fact
    (21) term -> . fact OP_DIVISION term
    (22) term -> . fact OP_TIMES term
    (23) fact -> . ID
    (24) fact -> . FLOAT
    (25) fact -> . INT
    (26) fact -> . OP_LPAREN super_expression OP_RPAREN

    ID              shift and go to state 17
    FLOAT           shift and go to state 18
    INT             shift and go to state 19
    OP_LPAREN       shift and go to state 20

    super_expression               shift and go to state 38
    expression                     shift and go to state 14
    term                           shift and go to state 15
    fact                           shift and go to state 16

state 25

    (11) super_expression -> expression OP_GREATER_THAN . expression
    (17) expression -> . term
    (18) expression -> . term OP_PLUS expression
    (19) expression -> . term OP_MINUS expression
    (20) term -> . fact
    (21) term -> . fact OP_DIVISION term
    (22) term -> . fact OP_TIMES term
    (23) fact -> . ID
    (24) fact -> . FLOAT
    (25) fact -> . INT
    (26) fact -> . OP_LPAREN super_expression OP_RPAREN

    ID              shift and go to state 17
    FLOAT           shift and go to state 18
    INT             shift and go to state 19
    OP_LPAREN       shift and go to state 20

    expression                     shift and go to state 39
    term                           shift and go to state 15
    fact                           shift and go to state 16

state 26

    (12) super_expression -> expression OP_LESS_THAN . expression
    (17) expression -> . term
    (18) expression -> . term OP_PLUS expression
    (19) expression -> . term OP_MINUS expression
    (20) term -> . fact
    (21) term -> . fact OP_DIVISION term
    (22) term -> . fact OP_TIMES term
    (23) fact -> . ID
    (24) fact -> . FLOAT
    (25) fact -> . INT
    (26) fact -> . OP_LPAREN super_expression OP_RPAREN

    ID              shift and go to state 17
    FLOAT           shift and go to state 18
    INT             shift and go to state 19
    OP_LPAREN       shift and go to state 20

    expression                     shift and go to state 40
    term                           shift and go to state 15
    fact                           shift and go to state 16

state 27

    (13) super_expression -> expression OP_GREATER_EQUALS_THAN . expression
    (17) expression -> . term
    (18) expression -> . term OP_PLUS expression
    (19) expression -> . term OP_MINUS expression
    (20) term -> . fact
    (21) term -> . fact OP_DIVISION term
    (22) term -> . fact OP_TIMES term
    (23) fact -> . ID
    (24) fact -> . FLOAT
    (25) fact -> . INT
    (26) fact -> . OP_LPAREN super_expression OP_RPAREN

    ID              shift and go to state 17
    FLOAT           shift and go to state 18
    INT             shift and go to state 19
    OP_LPAREN       shift and go to state 20

    expression                     shift and go to state 41
    term                           shift and go to state 15
    fact                           shift and go to state 16

state 28

    (14) super_expression -> expression OP_LESS_EQUALS_THAN . expression
    (17) expression -> . term
    (18) expression -> . term OP_PLUS expression
    (19) expression -> . term OP_MINUS expression
    (20) term -> . fact
    (21) term -> . fact OP_DIVISION term
    (22) term -> . fact OP_TIMES term
    (23) fact -> . ID
    (24) fact -> . FLOAT
    (25) fact -> . INT
    (26) fact -> . OP_LPAREN super_expression OP_RPAREN

    ID              shift and go to state 17
    FLOAT           shift and go to state 18
    INT             shift and go to state 19
    OP_LPAREN       shift and go to state 20

    expression                     shift and go to state 42
    term                           shift and go to state 15
    fact                           shift and go to state 16

state 29

    (15) super_expression -> expression OP_EQUALS_TWO . expression
    (17) expression -> . term
    (18) expression -> . term OP_PLUS expression
    (19) expression -> . term OP_MINUS expression
    (20) term -> . fact
    (21) term -> . fact OP_DIVISION term
    (22) term -> . fact OP_TIMES term
    (23) fact -> . ID
    (24) fact -> . FLOAT
    (25) fact -> . INT
    (26) fact -> . OP_LPAREN super_expression OP_RPAREN

    ID              shift and go to state 17
    FLOAT           shift and go to state 18
    INT             shift and go to state 19
    OP_LPAREN       shift and go to state 20

    expression                     shift and go to state 43
    term                           shift and go to state 15
    fact                           shift and go to state 16

state 30

    (16) super_expression -> expression OP_NOT_EQUALS . expression
    (17) expression -> . term
    (18) expression -> . term OP_PLUS expression
    (19) expression -> . term OP_MINUS expression
    (20) term -> . fact
    (21) term -> . fact OP_DIVISION term
    (22) term -> . fact OP_TIMES term
    (23) fact -> . ID
    (24) fact -> . FLOAT
    (25) fact -> . INT
    (26) fact -> . OP_LPAREN super_expression OP_RPAREN

    ID              shift and go to state 17
    FLOAT           shift and go to state 18
    INT             shift and go to state 19
    OP_LPAREN       shift and go to state 20

    expression                     shift and go to state 44
    term                           shift and go to state 15
    fact                           shift and go to state 16

state 31

    (18) expression -> term OP_PLUS . expression
    (17) expression -> . term
    (18) expression -> . term OP_PLUS expression
    (19) expression -> . term OP_MINUS expression
    (20) term -> . fact
    (21) term -> . fact OP_DIVISION term
    (22) term -> . fact OP_TIMES term
    (23) fact -> . ID
    (24) fact -> . FLOAT
    (25) fact -> . INT
    (26) fact -> . OP_LPAREN super_expression OP_RPAREN

    ID              shift and go to state 17
    FLOAT           shift and go to state 18
    INT             shift and go to state 19
    OP_LPAREN       shift and go to state 20

    term                           shift and go to state 15
    expression                     shift and go to state 45
    fact                           shift and go to state 16

state 32

    (19) expression -> term OP_MINUS . expression
    (17) expression -> . term
    (18) expression -> . term OP_PLUS expression
    (19) expression -> . term OP_MINUS expression
    (20) term -> . fact
    (21) term -> . fact OP_DIVISION term
    (22) term -> . fact OP_TIMES term
    (23) fact -> . ID
    (24) fact -> . FLOAT
    (25) fact -> . INT
    (26) fact -> . OP_LPAREN super_expression OP_RPAREN

    ID              shift and go to state 17
    FLOAT           shift and go to state 18
    INT             shift and go to state 19
    OP_LPAREN       shift and go to state 20

    term                           shift and go to state 15
    expression                     shift and go to state 46
    fact                           shift and go to state 16

state 33

    (21) term -> fact OP_DIVISION . term
    (20) term -> . fact
    (21) term -> . fact OP_DIVISION term
    (22) term -> . fact OP_TIMES term
    (23) fact -> . ID
    (24) fact -> . FLOAT
    (25) fact -> . INT
    (26) fact -> . OP_LPAREN super_expression OP_RPAREN

    ID              shift and go to state 17
    FLOAT           shift and go to state 18
    INT             shift and go to state 19
    OP_LPAREN       shift and go to state 20

    fact                           shift and go to state 16
    term                           shift and go to state 47

state 34

    (22) term -> fact OP_TIMES . term
    (20) term -> . fact
    (21) term -> . fact OP_DIVISION term
    (22) term -> . fact OP_TIMES term
    (23) fact -> . ID
    (24) fact -> . FLOAT
    (25) fact -> . INT
    (26) fact -> . OP_LPAREN super_expression OP_RPAREN

    ID              shift and go to state 17
    FLOAT           shift and go to state 18
    INT             shift and go to state 19
    OP_LPAREN       shift and go to state 20

    fact                           shift and go to state 16
    term                           shift and go to state 48

state 35

    (26) fact -> OP_LPAREN super_expression . OP_RPAREN

    OP_RPAREN       shift and go to state 49


state 36

    (2) vars -> VAR type ID OP_EQUALS . ID SEMICOLON

    ID              shift and go to state 50


state 37

    (8) mega_expression -> super_expression AND super_expression .

    RCURLY_BRACKET  reduce using rule 8 (mega_expression -> super_expression AND super_expression .)


state 38

    (9) mega_expression -> super_expression OR super_expression .

    RCURLY_BRACKET  reduce using rule 9 (mega_expression -> super_expression OR super_expression .)


state 39

    (11) super_expression -> expression OP_GREATER_THAN expression .

    AND             reduce using rule 11 (super_expression -> expression OP_GREATER_THAN expression .)
    OR              reduce using rule 11 (super_expression -> expression OP_GREATER_THAN expression .)
    RCURLY_BRACKET  reduce using rule 11 (super_expression -> expression OP_GREATER_THAN expression .)
    OP_RPAREN       reduce using rule 11 (super_expression -> expression OP_GREATER_THAN expression .)


state 40

    (12) super_expression -> expression OP_LESS_THAN expression .

    AND             reduce using rule 12 (super_expression -> expression OP_LESS_THAN expression .)
    OR              reduce using rule 12 (super_expression -> expression OP_LESS_THAN expression .)
    RCURLY_BRACKET  reduce using rule 12 (super_expression -> expression OP_LESS_THAN expression .)
    OP_RPAREN       reduce using rule 12 (super_expression -> expression OP_LESS_THAN expression .)


state 41

    (13) super_expression -> expression OP_GREATER_EQUALS_THAN expression .

    AND             reduce using rule 13 (super_expression -> expression OP_GREATER_EQUALS_THAN expression .)
    OR              reduce using rule 13 (super_expression -> expression OP_GREATER_EQUALS_THAN expression .)
    RCURLY_BRACKET  reduce using rule 13 (super_expression -> expression OP_GREATER_EQUALS_THAN expression .)
    OP_RPAREN       reduce using rule 13 (super_expression -> expression OP_GREATER_EQUALS_THAN expression .)


state 42

    (14) super_expression -> expression OP_LESS_EQUALS_THAN expression .

    AND             reduce using rule 14 (super_expression -> expression OP_LESS_EQUALS_THAN expression .)
    OR              reduce using rule 14 (super_expression -> expression OP_LESS_EQUALS_THAN expression .)
    RCURLY_BRACKET  reduce using rule 14 (super_expression -> expression OP_LESS_EQUALS_THAN expression .)
    OP_RPAREN       reduce using rule 14 (super_expression -> expression OP_LESS_EQUALS_THAN expression .)


state 43

    (15) super_expression -> expression OP_EQUALS_TWO expression .

    AND             reduce using rule 15 (super_expression -> expression OP_EQUALS_TWO expression .)
    OR              reduce using rule 15 (super_expression -> expression OP_EQUALS_TWO expression .)
    RCURLY_BRACKET  reduce using rule 15 (super_expression -> expression OP_EQUALS_TWO expression .)
    OP_RPAREN       reduce using rule 15 (super_expression -> expression OP_EQUALS_TWO expression .)


state 44

    (16) super_expression -> expression OP_NOT_EQUALS expression .

    AND             reduce using rule 16 (super_expression -> expression OP_NOT_EQUALS expression .)
    OR              reduce using rule 16 (super_expression -> expression OP_NOT_EQUALS expression .)
    RCURLY_BRACKET  reduce using rule 16 (super_expression -> expression OP_NOT_EQUALS expression .)
    OP_RPAREN       reduce using rule 16 (super_expression -> expression OP_NOT_EQUALS expression .)


state 45

    (18) expression -> term OP_PLUS expression .

    OP_GREATER_THAN reduce using rule 18 (expression -> term OP_PLUS expression .)
    OP_LESS_THAN    reduce using rule 18 (expression -> term OP_PLUS expression .)
    OP_GREATER_EQUALS_THAN reduce using rule 18 (expression -> term OP_PLUS expression .)
    OP_LESS_EQUALS_THAN reduce using rule 18 (expression -> term OP_PLUS expression .)
    OP_EQUALS_TWO   reduce using rule 18 (expression -> term OP_PLUS expression .)
    OP_NOT_EQUALS   reduce using rule 18 (expression -> term OP_PLUS expression .)
    AND             reduce using rule 18 (expression -> term OP_PLUS expression .)
    OR              reduce using rule 18 (expression -> term OP_PLUS expression .)
    RCURLY_BRACKET  reduce using rule 18 (expression -> term OP_PLUS expression .)
    OP_RPAREN       reduce using rule 18 (expression -> term OP_PLUS expression .)


state 46

    (19) expression -> term OP_MINUS expression .

    OP_GREATER_THAN reduce using rule 19 (expression -> term OP_MINUS expression .)
    OP_LESS_THAN    reduce using rule 19 (expression -> term OP_MINUS expression .)
    OP_GREATER_EQUALS_THAN reduce using rule 19 (expression -> term OP_MINUS expression .)
    OP_LESS_EQUALS_THAN reduce using rule 19 (expression -> term OP_MINUS expression .)
    OP_EQUALS_TWO   reduce using rule 19 (expression -> term OP_MINUS expression .)
    OP_NOT_EQUALS   reduce using rule 19 (expression -> term OP_MINUS expression .)
    AND             reduce using rule 19 (expression -> term OP_MINUS expression .)
    OR              reduce using rule 19 (expression -> term OP_MINUS expression .)
    RCURLY_BRACKET  reduce using rule 19 (expression -> term OP_MINUS expression .)
    OP_RPAREN       reduce using rule 19 (expression -> term OP_MINUS expression .)


state 47

    (21) term -> fact OP_DIVISION term .

    OP_PLUS         reduce using rule 21 (term -> fact OP_DIVISION term .)
    OP_MINUS        reduce using rule 21 (term -> fact OP_DIVISION term .)
    OP_GREATER_THAN reduce using rule 21 (term -> fact OP_DIVISION term .)
    OP_LESS_THAN    reduce using rule 21 (term -> fact OP_DIVISION term .)
    OP_GREATER_EQUALS_THAN reduce using rule 21 (term -> fact OP_DIVISION term .)
    OP_LESS_EQUALS_THAN reduce using rule 21 (term -> fact OP_DIVISION term .)
    OP_EQUALS_TWO   reduce using rule 21 (term -> fact OP_DIVISION term .)
    OP_NOT_EQUALS   reduce using rule 21 (term -> fact OP_DIVISION term .)
    AND             reduce using rule 21 (term -> fact OP_DIVISION term .)
    OR              reduce using rule 21 (term -> fact OP_DIVISION term .)
    RCURLY_BRACKET  reduce using rule 21 (term -> fact OP_DIVISION term .)
    OP_RPAREN       reduce using rule 21 (term -> fact OP_DIVISION term .)


state 48

    (22) term -> fact OP_TIMES term .

    OP_PLUS         reduce using rule 22 (term -> fact OP_TIMES term .)
    OP_MINUS        reduce using rule 22 (term -> fact OP_TIMES term .)
    OP_GREATER_THAN reduce using rule 22 (term -> fact OP_TIMES term .)
    OP_LESS_THAN    reduce using rule 22 (term -> fact OP_TIMES term .)
    OP_GREATER_EQUALS_THAN reduce using rule 22 (term -> fact OP_TIMES term .)
    OP_LESS_EQUALS_THAN reduce using rule 22 (term -> fact OP_TIMES term .)
    OP_EQUALS_TWO   reduce using rule 22 (term -> fact OP_TIMES term .)
    OP_NOT_EQUALS   reduce using rule 22 (term -> fact OP_TIMES term .)
    AND             reduce using rule 22 (term -> fact OP_TIMES term .)
    OR              reduce using rule 22 (term -> fact OP_TIMES term .)
    RCURLY_BRACKET  reduce using rule 22 (term -> fact OP_TIMES term .)
    OP_RPAREN       reduce using rule 22 (term -> fact OP_TIMES term .)


state 49

    (26) fact -> OP_LPAREN super_expression OP_RPAREN .

    OP_DIVISION     reduce using rule 26 (fact -> OP_LPAREN super_expression OP_RPAREN .)
    OP_TIMES        reduce using rule 26 (fact -> OP_LPAREN super_expression OP_RPAREN .)
    OP_PLUS         reduce using rule 26 (fact -> OP_LPAREN super_expression OP_RPAREN .)
    OP_MINUS        reduce using rule 26 (fact -> OP_LPAREN super_expression OP_RPAREN .)
    OP_GREATER_THAN reduce using rule 26 (fact -> OP_LPAREN super_expression OP_RPAREN .)
    OP_LESS_THAN    reduce using rule 26 (fact -> OP_LPAREN super_expression OP_RPAREN .)
    OP_GREATER_EQUALS_THAN reduce using rule 26 (fact -> OP_LPAREN super_expression OP_RPAREN .)
    OP_LESS_EQUALS_THAN reduce using rule 26 (fact -> OP_LPAREN super_expression OP_RPAREN .)
    OP_EQUALS_TWO   reduce using rule 26 (fact -> OP_LPAREN super_expression OP_RPAREN .)
    OP_NOT_EQUALS   reduce using rule 26 (fact -> OP_LPAREN super_expression OP_RPAREN .)
    AND             reduce using rule 26 (fact -> OP_LPAREN super_expression OP_RPAREN .)
    OR              reduce using rule 26 (fact -> OP_LPAREN super_expression OP_RPAREN .)
    RCURLY_BRACKET  reduce using rule 26 (fact -> OP_LPAREN super_expression OP_RPAREN .)
    OP_RPAREN       reduce using rule 26 (fact -> OP_LPAREN super_expression OP_RPAREN .)


state 50

    (2) vars -> VAR type ID OP_EQUALS ID . SEMICOLON

    SEMICOLON       shift and go to state 51


state 51

    (2) vars -> VAR type ID OP_EQUALS ID SEMICOLON .

    LCURLY_BRACKET  reduce using rule 2 (vars -> VAR type ID OP_EQUALS ID SEMICOLON .)

